{"C:\\Users\\이신호\\Desktop\\sinho\\testing\\frontend-testing\\src\\counter.js": {"path":"C:\\Users\\이신호\\Desktop\\sinho\\testing\\frontend-testing\\src\\counter.js","statementMap":{"0":{"start":{"line":7,"column":24},"end":{"line":7,"column":35}},"1":{"start":{"line":8,"column":2},"end":{"line":34,"column":4}},"2":{"start":{"line":10,"column":6},"end":{"line":10,"column":34}},"3":{"start":{"line":13,"column":6},"end":{"line":15,"column":7}},"4":{"start":{"line":14,"column":8},"end":{"line":14,"column":31}},"5":{"start":{"line":16,"column":6},"end":{"line":16,"column":34}},"6":{"start":{"line":21,"column":6},"end":{"line":23,"column":7}},"7":{"start":{"line":22,"column":8},"end":{"line":22,"column":31}},"8":{"start":{"line":24,"column":6},"end":{"line":24,"column":34}},"9":{"start":{"line":29,"column":6},"end":{"line":29,"column":55}},"10":{"start":{"line":32,"column":6},"end":{"line":32,"column":55}}},"fnMap":{"0":{"name":"createCounter","decl":{"start":{"line":2,"column":16},"end":{"line":2,"column":29}},"loc":{"start":{"line":6,"column":3},"end":{"line":35,"column":1}},"line":6},"1":{"name":"(anonymous_1)","decl":{"start":{"line":9,"column":4},"end":{"line":9,"column":5}},"loc":{"start":{"line":9,"column":10},"end":{"line":11,"column":5}},"line":9},"2":{"name":"(anonymous_2)","decl":{"start":{"line":12,"column":4},"end":{"line":12,"column":5}},"loc":{"start":{"line":12,"column":10},"end":{"line":19,"column":5}},"line":12},"3":{"name":"(anonymous_3)","decl":{"start":{"line":20,"column":4},"end":{"line":20,"column":5}},"loc":{"start":{"line":20,"column":10},"end":{"line":27,"column":5}},"line":20},"4":{"name":"(anonymous_4)","decl":{"start":{"line":28,"column":4},"end":{"line":28,"column":5}},"loc":{"start":{"line":28,"column":11},"end":{"line":30,"column":5}},"line":28},"5":{"name":"(anonymous_5)","decl":{"start":{"line":31,"column":4},"end":{"line":31,"column":5}},"loc":{"start":{"line":31,"column":11},"end":{"line":33,"column":5}},"line":31}},"branchMap":{"0":{"loc":{"start":{"line":2,"column":30},"end":{"line":6,"column":1}},"type":"default-arg","locations":[{"start":{"line":2,"column":37},"end":{"line":6,"column":1}}],"line":2},"1":{"loc":{"start":{"line":13,"column":6},"end":{"line":15,"column":7}},"type":"if","locations":[{"start":{"line":13,"column":6},"end":{"line":15,"column":7}},{"start":{"line":13,"column":6},"end":{"line":15,"column":7}}],"line":13},"2":{"loc":{"start":{"line":21,"column":6},"end":{"line":23,"column":7}},"type":"if","locations":[{"start":{"line":21,"column":6},"end":{"line":23,"column":7}},{"start":{"line":21,"column":6},"end":{"line":23,"column":7}}],"line":21}},"s":{"0":11,"1":11,"2":8,"3":2,"4":1,"5":2,"6":2,"7":1,"8":2,"9":4,"10":4},"f":{"0":11,"1":8,"2":2,"3":2,"4":4,"5":4},"b":{"0":[6],"1":[1,1],"2":[1,1]},"_coverageSchema":"43e27e138ebf9cfc5966b082cf9a028302ed4184","hash":"ecbde3fac912473fe64dda9274fa23cfb0c5098a"}
,"C:\\Users\\이신호\\Desktop\\sinho\\testing\\frontend-testing\\src\\util.js": {"path":"C:\\Users\\이신호\\Desktop\\sinho\\testing\\frontend-testing\\src\\util.js","statementMap":{"0":{"start":{"line":3,"column":4},"end":{"line":5,"column":5}},"1":{"start":{"line":4,"column":8},"end":{"line":4,"column":16}},"2":{"start":{"line":6,"column":4},"end":{"line":6,"column":14}},"3":{"start":{"line":10,"column":4},"end":{"line":12,"column":5}},"4":{"start":{"line":11,"column":8},"end":{"line":11,"column":20}},"5":{"start":{"line":14,"column":4},"end":{"line":14,"column":30}}},"fnMap":{"0":{"name":"add","decl":{"start":{"line":1,"column":16},"end":{"line":1,"column":19}},"loc":{"start":{"line":1,"column":29},"end":{"line":7,"column":1}},"line":1},"1":{"name":"swap","decl":{"start":{"line":9,"column":16},"end":{"line":9,"column":20}},"loc":{"start":{"line":9,"column":28},"end":{"line":16,"column":1}},"line":9}},"branchMap":{"0":{"loc":{"start":{"line":1,"column":20},"end":{"line":1,"column":23}},"type":"default-arg","locations":[{"start":{"line":1,"column":22},"end":{"line":1,"column":23}}],"line":1},"1":{"loc":{"start":{"line":1,"column":24},"end":{"line":1,"column":27}},"type":"default-arg","locations":[{"start":{"line":1,"column":26},"end":{"line":1,"column":27}}],"line":1},"2":{"loc":{"start":{"line":3,"column":4},"end":{"line":5,"column":5}},"type":"if","locations":[{"start":{"line":3,"column":4},"end":{"line":5,"column":5}},{"start":{"line":3,"column":4},"end":{"line":5,"column":5}}],"line":3},"3":{"loc":{"start":{"line":10,"column":4},"end":{"line":12,"column":5}},"type":"if","locations":[{"start":{"line":10,"column":4},"end":{"line":12,"column":5}},{"start":{"line":10,"column":4},"end":{"line":12,"column":5}}],"line":10}},"s":{"0":3,"1":2,"2":1,"3":5,"4":1,"5":4},"f":{"0":3,"1":5},"b":{"0":[1],"1":[2],"2":[2,1],"3":[1,4]},"_coverageSchema":"43e27e138ebf9cfc5966b082cf9a028302ed4184","hash":"7bcad518e70902c1eac1c41a5354efb7a87bb312"}
,"C:\\Users\\이신호\\Desktop\\sinho\\testing\\frontend-testing\\src\\backup\\counter.js": {"path":"C:\\Users\\이신호\\Desktop\\sinho\\testing\\frontend-testing\\src\\backup\\counter.js","statementMap":{"0":{"start":{"line":1,"column":0},"end":{"line":27,"column":2}},"1":{"start":{"line":2,"column":13},"end":{"line":2,"column":33}},"2":{"start":{"line":3,"column":13},"end":{"line":3,"column":52}},"3":{"start":{"line":4,"column":13},"end":{"line":4,"column":52}},"4":{"start":{"line":6,"column":1},"end":{"line":26,"column":3}},"5":{"start":{"line":8,"column":3},"end":{"line":8,"column":16}},"6":{"start":{"line":11,"column":3},"end":{"line":13,"column":4}},"7":{"start":{"line":12,"column":4},"end":{"line":12,"column":15}},"8":{"start":{"line":16,"column":3},"end":{"line":18,"column":4}},"9":{"start":{"line":17,"column":4},"end":{"line":17,"column":15}},"10":{"start":{"line":21,"column":3},"end":{"line":21,"column":24}},"11":{"start":{"line":24,"column":3},"end":{"line":24,"column":24}}},"fnMap":{"0":{"name":"createCounter","decl":{"start":{"line":1,"column":40},"end":{"line":1,"column":53}},"loc":{"start":{"line":1,"column":68},"end":{"line":27,"column":1}},"line":1},"1":{"name":"(anonymous_1)","decl":{"start":{"line":7,"column":2},"end":{"line":7,"column":3}},"loc":{"start":{"line":7,"column":8},"end":{"line":9,"column":3}},"line":7},"2":{"name":"(anonymous_2)","decl":{"start":{"line":10,"column":2},"end":{"line":10,"column":3}},"loc":{"start":{"line":10,"column":8},"end":{"line":14,"column":3}},"line":10},"3":{"name":"(anonymous_3)","decl":{"start":{"line":15,"column":7},"end":{"line":15,"column":8}},"loc":{"start":{"line":15,"column":13},"end":{"line":19,"column":3}},"line":15},"4":{"name":"(anonymous_4)","decl":{"start":{"line":20,"column":2},"end":{"line":20,"column":3}},"loc":{"start":{"line":20,"column":10},"end":{"line":22,"column":3}},"line":20},"5":{"name":"(anonymous_5)","decl":{"start":{"line":23,"column":2},"end":{"line":23,"column":3}},"loc":{"start":{"line":23,"column":10},"end":{"line":25,"column":3}},"line":23}},"branchMap":{"0":{"loc":{"start":{"line":1,"column":54},"end":{"line":1,"column":66}},"type":"default-arg","locations":[{"start":{"line":1,"column":64},"end":{"line":1,"column":66}}],"line":1},"1":{"loc":{"start":{"line":2,"column":13},"end":{"line":2,"column":33}},"type":"binary-expr","locations":[{"start":{"line":2,"column":13},"end":{"line":2,"column":28}},{"start":{"line":2,"column":32},"end":{"line":2,"column":33}}],"line":2},"2":{"loc":{"start":{"line":3,"column":13},"end":{"line":3,"column":52}},"type":"binary-expr","locations":[{"start":{"line":3,"column":13},"end":{"line":3,"column":24}},{"start":{"line":3,"column":28},"end":{"line":3,"column":52}}],"line":3},"3":{"loc":{"start":{"line":4,"column":13},"end":{"line":4,"column":52}},"type":"binary-expr","locations":[{"start":{"line":4,"column":13},"end":{"line":4,"column":24}},{"start":{"line":4,"column":28},"end":{"line":4,"column":52}}],"line":4},"4":{"loc":{"start":{"line":11,"column":3},"end":{"line":13,"column":4}},"type":"if","locations":[{"start":{"line":11,"column":3},"end":{"line":13,"column":4}},{"start":{"line":11,"column":3},"end":{"line":13,"column":4}}],"line":11},"5":{"loc":{"start":{"line":16,"column":3},"end":{"line":18,"column":4}},"type":"if","locations":[{"start":{"line":16,"column":3},"end":{"line":18,"column":4}},{"start":{"line":16,"column":3},"end":{"line":18,"column":4}}],"line":16}},"s":{"0":3,"1":10,"2":10,"3":10,"4":10,"5":11,"6":3,"7":3,"8":3,"9":3,"10":11,"11":11},"f":{"0":10,"1":11,"2":3,"3":3,"4":11,"5":11},"b":{"0":[5],"1":[10,5],"2":[10,5],"3":[10,5],"4":[3,0],"5":[3,0]},"_coverageSchema":"43e27e138ebf9cfc5966b082cf9a028302ed4184","hash":"890d3db5da0cac4e301e4474bd1761117339b3e5"}
,"C:\\Users\\이신호\\Desktop\\sinho\\testing\\frontend-testing\\src\\serverCounter\\counter.js": {"path":"C:\\Users\\이신호\\Desktop\\sinho\\testing\\frontend-testing\\src\\serverCounter\\counter.js","statementMap":{"0":{"start":{"line":6,"column":14},"end":{"line":6,"column":19}},"1":{"start":{"line":7,"column":18},"end":{"line":7,"column":40}},"2":{"start":{"line":10,"column":24},"end":{"line":10,"column":47}},"3":{"start":{"line":11,"column":24},"end":{"line":11,"column":47}},"4":{"start":{"line":13,"column":4},"end":{"line":17,"column":7}},"5":{"start":{"line":20,"column":2},"end":{"line":22,"column":5}},"6":{"start":{"line":21,"column":4},"end":{"line":21,"column":17}},"7":{"start":{"line":24,"column":2},"end":{"line":28,"column":5}},"8":{"start":{"line":25,"column":4},"end":{"line":27,"column":7}},"9":{"start":{"line":26,"column":6},"end":{"line":26,"column":19}},"10":{"start":{"line":30,"column":2},"end":{"line":34,"column":5}},"11":{"start":{"line":31,"column":4},"end":{"line":33,"column":7}},"12":{"start":{"line":32,"column":6},"end":{"line":32,"column":19}}},"fnMap":{"0":{"name":"createServerCounter","decl":{"start":{"line":5,"column":16},"end":{"line":5,"column":35}},"loc":{"start":{"line":5,"column":49},"end":{"line":35,"column":1}},"line":5},"1":{"name":"render","decl":{"start":{"line":9,"column":11},"end":{"line":9,"column":17}},"loc":{"start":{"line":9,"column":43},"end":{"line":18,"column":3}},"line":9},"2":{"name":"(anonymous_2)","decl":{"start":{"line":20,"column":29},"end":{"line":20,"column":30}},"loc":{"start":{"line":20,"column":43},"end":{"line":22,"column":3}},"line":20},"3":{"name":"(anonymous_3)","decl":{"start":{"line":24,"column":30},"end":{"line":24,"column":31}},"loc":{"start":{"line":24,"column":36},"end":{"line":28,"column":3}},"line":24},"4":{"name":"(anonymous_4)","decl":{"start":{"line":25,"column":35},"end":{"line":25,"column":36}},"loc":{"start":{"line":25,"column":49},"end":{"line":27,"column":5}},"line":25},"5":{"name":"(anonymous_5)","decl":{"start":{"line":30,"column":30},"end":{"line":30,"column":31}},"loc":{"start":{"line":30,"column":36},"end":{"line":34,"column":3}},"line":30},"6":{"name":"(anonymous_6)","decl":{"start":{"line":31,"column":35},"end":{"line":31,"column":36}},"loc":{"start":{"line":31,"column":49},"end":{"line":33,"column":5}},"line":31}},"branchMap":{"0":{"loc":{"start":{"line":10,"column":24},"end":{"line":10,"column":47}},"type":"cond-expr","locations":[{"start":{"line":10,"column":32},"end":{"line":10,"column":42}},{"start":{"line":10,"column":45},"end":{"line":10,"column":47}}],"line":10},"1":{"loc":{"start":{"line":11,"column":24},"end":{"line":11,"column":47}},"type":"cond-expr","locations":[{"start":{"line":11,"column":32},"end":{"line":11,"column":42}},{"start":{"line":11,"column":45},"end":{"line":11,"column":47}}],"line":11}},"s":{"0":5,"1":5,"2":7,"3":7,"4":7,"5":5,"6":5,"7":5,"8":1,"9":1,"10":5,"11":1,"12":1},"f":{"0":5,"1":7,"2":5,"3":1,"4":1,"5":1,"6":1},"b":{"0":[1,6],"1":[1,6]},"_coverageSchema":"43e27e138ebf9cfc5966b082cf9a028302ed4184","hash":"14f1e1de30850db4f38a796a0145fd85799cfd04"}
,"C:\\Users\\이신호\\Desktop\\sinho\\testing\\frontend-testing\\src\\uiCounter\\counter.js": {"path":"C:\\Users\\이신호\\Desktop\\sinho\\testing\\frontend-testing\\src\\uiCounter\\counter.js","statementMap":{"0":{"start":{"line":5,"column":13},"end":{"line":5,"column":18}},"1":{"start":{"line":6,"column":17},"end":{"line":6,"column":39}},"2":{"start":{"line":9,"column":14},"end":{"line":9,"column":27}},"3":{"start":{"line":10,"column":22},"end":{"line":10,"column":55}},"4":{"start":{"line":11,"column":22},"end":{"line":11,"column":55}},"5":{"start":{"line":13,"column":2},"end":{"line":17,"column":7}},"6":{"start":{"line":20,"column":1},"end":{"line":20,"column":10}},"7":{"start":{"line":22,"column":1},"end":{"line":25,"column":4}},"8":{"start":{"line":23,"column":2},"end":{"line":23,"column":16}},"9":{"start":{"line":24,"column":2},"end":{"line":24,"column":11}},"10":{"start":{"line":27,"column":1},"end":{"line":30,"column":4}},"11":{"start":{"line":28,"column":2},"end":{"line":28,"column":16}},"12":{"start":{"line":29,"column":2},"end":{"line":29,"column":11}}},"fnMap":{"0":{"name":"createUICounter","decl":{"start":{"line":4,"column":16},"end":{"line":4,"column":31}},"loc":{"start":{"line":4,"column":45},"end":{"line":31,"column":1}},"line":4},"1":{"name":"render","decl":{"start":{"line":8,"column":10},"end":{"line":8,"column":16}},"loc":{"start":{"line":8,"column":19},"end":{"line":18,"column":2}},"line":8},"2":{"name":"(anonymous_2)","decl":{"start":{"line":22,"column":29},"end":{"line":22,"column":30}},"loc":{"start":{"line":22,"column":35},"end":{"line":25,"column":2}},"line":22},"3":{"name":"(anonymous_3)","decl":{"start":{"line":27,"column":29},"end":{"line":27,"column":30}},"loc":{"start":{"line":27,"column":35},"end":{"line":30,"column":2}},"line":27}},"branchMap":{"0":{"loc":{"start":{"line":10,"column":22},"end":{"line":10,"column":55}},"type":"cond-expr","locations":[{"start":{"line":10,"column":40},"end":{"line":10,"column":50}},{"start":{"line":10,"column":53},"end":{"line":10,"column":55}}],"line":10},"1":{"loc":{"start":{"line":11,"column":22},"end":{"line":11,"column":55}},"type":"cond-expr","locations":[{"start":{"line":11,"column":40},"end":{"line":11,"column":50}},{"start":{"line":11,"column":53},"end":{"line":11,"column":55}}],"line":11}},"s":{"0":12,"1":12,"2":25,"3":25,"4":25,"5":25,"6":12,"7":12,"8":8,"9":8,"10":12,"11":5,"12":5},"f":{"0":12,"1":25,"2":8,"3":5},"b":{"0":[3,22],"1":[3,22]},"_coverageSchema":"43e27e138ebf9cfc5966b082cf9a028302ed4184","hash":"5eb35b2679a9136e6eac4e51facd02d943363475"}
}
