TN:
SF:C:\Users\이신호\Desktop\sinho\testing\frontend-testing\src\counter.js
FN:2,createCounter
FN:9,(anonymous_1)
FN:12,(anonymous_2)
FN:20,(anonymous_3)
FN:28,(anonymous_4)
FN:31,(anonymous_5)
FNF:6
FNH:6
FNDA:11,createCounter
FNDA:8,(anonymous_1)
FNDA:2,(anonymous_2)
FNDA:2,(anonymous_3)
FNDA:4,(anonymous_4)
FNDA:4,(anonymous_5)
DA:7,11
DA:8,11
DA:10,8
DA:13,2
DA:14,1
DA:16,2
DA:21,2
DA:22,1
DA:24,2
DA:29,4
DA:32,4
LF:11
LH:11
BRDA:2,0,0,6
BRDA:13,1,0,1
BRDA:13,1,1,1
BRDA:21,2,0,1
BRDA:21,2,1,1
BRF:5
BRH:5
end_of_record
TN:
SF:C:\Users\이신호\Desktop\sinho\testing\frontend-testing\src\util.js
FN:1,add
FN:9,swap
FNF:2
FNH:2
FNDA:3,add
FNDA:5,swap
DA:3,3
DA:4,2
DA:6,1
DA:10,5
DA:11,1
DA:14,4
LF:6
LH:6
BRDA:1,0,0,1
BRDA:1,1,0,2
BRDA:3,2,0,2
BRDA:3,2,1,1
BRDA:10,3,0,1
BRDA:10,3,1,4
BRF:6
BRH:6
end_of_record
TN:
SF:C:\Users\이신호\Desktop\sinho\testing\frontend-testing\src\backup\counter.js
FN:1,createCounter
FN:7,(anonymous_1)
FN:10,(anonymous_2)
FN:15,(anonymous_3)
FN:20,(anonymous_4)
FN:23,(anonymous_5)
FNF:6
FNH:6
FNDA:10,createCounter
FNDA:11,(anonymous_1)
FNDA:3,(anonymous_2)
FNDA:3,(anonymous_3)
FNDA:11,(anonymous_4)
FNDA:11,(anonymous_5)
DA:1,3
DA:2,10
DA:3,10
DA:4,10
DA:6,10
DA:8,11
DA:11,3
DA:12,3
DA:16,3
DA:17,3
DA:21,11
DA:24,11
LF:12
LH:12
BRDA:1,0,0,5
BRDA:2,1,0,10
BRDA:2,1,1,5
BRDA:3,2,0,10
BRDA:3,2,1,5
BRDA:4,3,0,10
BRDA:4,3,1,5
BRDA:11,4,0,3
BRDA:11,4,1,0
BRDA:16,5,0,3
BRDA:16,5,1,0
BRF:11
BRH:9
end_of_record
TN:
SF:C:\Users\이신호\Desktop\sinho\testing\frontend-testing\src\serverCounter\counter.js
FN:5,createServerCounter
FN:9,render
FN:20,(anonymous_2)
FN:24,(anonymous_3)
FN:25,(anonymous_4)
FN:30,(anonymous_5)
FN:31,(anonymous_6)
FNF:7
FNH:7
FNDA:5,createServerCounter
FNDA:7,render
FNDA:5,(anonymous_2)
FNDA:1,(anonymous_3)
FNDA:1,(anonymous_4)
FNDA:1,(anonymous_5)
FNDA:1,(anonymous_6)
DA:6,5
DA:7,5
DA:10,7
DA:11,7
DA:13,7
DA:20,5
DA:21,5
DA:24,5
DA:25,1
DA:26,1
DA:30,5
DA:31,1
DA:32,1
LF:13
LH:13
BRDA:10,0,0,1
BRDA:10,0,1,6
BRDA:11,1,0,1
BRDA:11,1,1,6
BRF:4
BRH:4
end_of_record
TN:
SF:C:\Users\이신호\Desktop\sinho\testing\frontend-testing\src\uiCounter\counter.js
FN:4,createUICounter
FN:8,render
FN:22,(anonymous_2)
FN:27,(anonymous_3)
FNF:4
FNH:4
FNDA:12,createUICounter
FNDA:25,render
FNDA:8,(anonymous_2)
FNDA:5,(anonymous_3)
DA:5,12
DA:6,12
DA:9,25
DA:10,25
DA:11,25
DA:13,25
DA:20,12
DA:22,12
DA:23,8
DA:24,8
DA:27,12
DA:28,5
DA:29,5
LF:13
LH:13
BRDA:10,0,0,3
BRDA:10,0,1,22
BRDA:11,1,0,3
BRDA:11,1,1,22
BRF:4
BRH:4
end_of_record
